2025-05-10 22:29:10,492 - Upload success. Accuracy: 0.9999499917030334
2025-05-10 22:40:09,907 - Upload success. Accuracy: 0.9999499917030334
2025-05-10 23:44:59,328 - Upload success. Accuracy: 0.9999300241470337
2025-05-10 23:46:49,916 - Upload success. Accuracy: 0.9999499917030334
2025-05-11 00:11:05,877 - Upload success. Accuracy: 0.9999600052833557
2025-05-11 00:15:58,339 - Upload success. Accuracy: 0.999970018863678
2025-05-11 00:34:33,676 - Upload success. Accuracy: 0.9999499917030334
2025-05-11 00:37:18,498 - Upload success. Accuracy: 0.9999600052833557
2025-05-11 00:39:38,909 - Upload success. Accuracy: 0.9998700022697449
2025-05-11 01:05:20,464 - Upload success. Accuracy: 0.9999600052833557
2025-05-11 01:44:51,486 - Upload success. Accuracy: 0.999970018863678
2025-05-11 02:21:17,236 - Upload success. Accuracy: 0.999970018863678
2025-05-11 02:23:37,565 - Upload success. Accuracy: 0.9999499917030334
2025-05-11 02:25:56,857 - Upload success. Accuracy: 0.9999600052833557
2025-05-11 02:26:31,616 - Upload success. Accuracy: 0.9999499917030334
2025-05-11 02:28:57,223 - Upload success. Accuracy: 0.9999600052833557
2025-05-11 02:31:37,267 - Upload success. Accuracy: 0.9999799728393555
2025-05-11 02:41:43,661 - Upload success. Accuracy: 0.999970018863678
2025-05-11 02:45:41,151 - Upload success. Accuracy: 0.9999899864196777
2025-05-11 18:02:27,394 - Upload success. Accuracy: 0.999970018863678
2025-05-11 21:50:22,826 - Upload success. Accuracy: 0.9999499917030334
2025-05-30 15:02:24,405 - [31m[1mWARNING: This is a development server. Do not use it in a production deployment. Use a production WSGI server instead.[0m
 * Running on http://127.0.0.1:9999
2025-05-30 15:02:24,405 - [33mPress CTRL+C to quit[0m
2025-05-30 15:04:52,086 - [31m[1mWARNING: This is a development server. Do not use it in a production deployment. Use a production WSGI server instead.[0m
 * Running on http://127.0.0.1:9999
2025-05-30 15:04:52,086 - [33mPress CTRL+C to quit[0m
2025-05-30 15:05:12,785 - 127.0.0.1 - - [30/May/2025 15:05:12] "OPTIONS /run_notebook HTTP/1.1" 200 -
2025-05-30 15:05:13,899 - Executing notebook with kernel: cifer-kernel
2025-05-30 15:06:04,621 - Upload success. Accuracy: 0.999970018863678
2025-05-30 15:06:07,347 - 127.0.0.1 - - [30/May/2025 15:06:07] "POST /run_notebook HTTP/1.1" 200 -
